<?xml version="1.0" encoding="UTF-8"?>
<testng-results skipped="0" failed="1" total="1" passed="0">
  <reporter-output>
  </reporter-output>
  <suite name="Suite" duration-ms="15270" started-at="2019-11-06T18:39:18Z" finished-at="2019-11-06T18:39:34Z">
    <groups>
    </groups>
    <test name="Test" duration-ms="15270" started-at="2019-11-06T18:39:18Z" finished-at="2019-11-06T18:39:34Z">
      <class name="com.safexp.MDM.automation.testcases.TestngDemo">
        <test-method status="PASS" signature="driverInitialisation()[pri:0, instance:com.safexp.MDM.automation.testcases.TestngDemo@3ecf72fd]" name="driverInitialisation" is-config="true" duration-ms="281" started-at="2019-11-07T00:09:18Z" finished-at="2019-11-07T00:09:19Z">
          <reporter-output>
          </reporter-output>
        </test-method> <!-- driverInitialisation -->
        <test-method status="FAIL" signature="hybridTestAutomation(java.lang.String, java.lang.String)[pri:0, instance:com.safexp.MDM.automation.testcases.TestngDemo@3ecf72fd]" name="hybridTestAutomation" duration-ms="12765" started-at="2019-11-07T00:09:19Z" data-provider="executableTestID_provider" finished-at="2019-11-07T00:09:32Z">
          <params>
            <param index="0">
              <value>
                <![CDATA[TC02]]>
              </value>
            </param>
            <param index="1">
              <value>
                <![CDATA[TestCase2]]>
              </value>
            </param>
          </params>
          <exception class="java.lang.AssertionError">
            <message>
              <![CDATA[Screenshot of failure]]>
            </message>
            <full-stacktrace>
              <![CDATA[java.lang.AssertionError: Screenshot of failure
	at org.testng.Assert.fail(Assert.java:94)
	at com.safexp.MDM.automation.managerClasses.HybridFrameworkDriver.hybridTestAutomation(HybridFrameworkDriver.java:116)
	at com.safexp.MDM.automation.testcases.TestngDemo.hybridTestAutomation(TestngDemo.java:48)
	at sun.reflect.NativeMethodAccessorImpl.invoke0(Native Method)
	at sun.reflect.NativeMethodAccessorImpl.invoke(Unknown Source)
	at sun.reflect.DelegatingMethodAccessorImpl.invoke(Unknown Source)
	at java.lang.reflect.Method.invoke(Unknown Source)
	at org.testng.internal.MethodInvocationHelper.invokeMethod(MethodInvocationHelper.java:85)
	at org.testng.internal.Invoker.invokeMethod(Invoker.java:639)
	at org.testng.internal.Invoker.invokeTestMethod(Invoker.java:816)
	at org.testng.internal.Invoker.invokeTestMethods(Invoker.java:1124)
	at org.testng.internal.TestMethodWorker.invokeTestMethods(TestMethodWorker.java:125)
	at org.testng.internal.TestMethodWorker.run(TestMethodWorker.java:108)
	at org.testng.TestRunner.privateRun(TestRunner.java:774)
	at org.testng.TestRunner.run(TestRunner.java:624)
	at org.testng.SuiteRunner.runTest(SuiteRunner.java:359)
	at org.testng.SuiteRunner.runSequentially(SuiteRunner.java:354)
	at org.testng.SuiteRunner.privateRun(SuiteRunner.java:312)
	at org.testng.SuiteRunner.run(SuiteRunner.java:261)
	at org.testng.SuiteRunnerWorker.runSuite(SuiteRunnerWorker.java:52)
	at org.testng.SuiteRunnerWorker.run(SuiteRunnerWorker.java:86)
	at org.testng.TestNG.runSuitesSequentially(TestNG.java:1215)
	at org.testng.TestNG.runSuitesLocally(TestNG.java:1140)
	at org.testng.TestNG.run(TestNG.java:1048)
	at org.testng.TestNG.privateMain(TestNG.java:1355)
	at org.testng.TestNG.main(TestNG.java:1324)
]]>
            </full-stacktrace>
          </exception> <!-- java.lang.AssertionError -->
          <reporter-output>
          </reporter-output>
        </test-method> <!-- hybridTestAutomation -->
        <test-method status="PASS" signature="closeOpenWindows()[pri:0, instance:com.safexp.MDM.automation.testcases.TestngDemo@3ecf72fd]" name="closeOpenWindows" is-config="true" duration-ms="1412" started-at="2019-11-07T00:09:32Z" finished-at="2019-11-07T00:09:34Z">
          <reporter-output>
          </reporter-output>
        </test-method> <!-- closeOpenWindows -->
      </class> <!-- com.safexp.MDM.automation.testcases.TestngDemo -->
    </test> <!-- Test -->
  </suite> <!-- Suite -->
</testng-results>
