<?xml version="1.0" encoding="UTF-8"?>
<!-- Generated by org.testng.reporters.JUnitXMLReporter -->
<testsuite hostname="DLI10-IT-DHRM" name="Test1" tests="3" failures="3" timestamp="27 Dec 2019 18:12:28 GMT" time="14.003" errors="0">
  <testcase name="hybridTestAutomation" time="6.497" classname="com.safexpress.MDM.API_Automation.testcases.APITestUsermanagement">
    <failure type="com.google.common.base.VerifyException">
      <![CDATA[com.google.common.base.VerifyException
	at com.google.common.base.Verify.verify(Verify.java:100)
	at com.safexpress.MDM.API_Automation.managerClass.APIFrameworkDriver.automateAPITestcase(APIFrameworkDriver.java:142)
	at com.safexpress.MDM.API_Automation.testcases.APITestUsermanagement.hybridTestAutomation(APITestUsermanagement.java:30)
... Removed 24 stack frames]]>
    </failure>
  </testcase> <!-- hybridTestAutomation -->
  <testcase name="hybridTestAutomation" time="3.539" classname="com.safexpress.MDM.API_Automation.testcases.APITestUsermanagement">
    <failure type="com.google.common.base.VerifyException">
      <![CDATA[com.google.common.base.VerifyException
	at com.google.common.base.Verify.verify(Verify.java:100)
	at com.safexpress.MDM.API_Automation.managerClass.APIFrameworkDriver.automateAPITestcase(APIFrameworkDriver.java:142)
	at com.safexpress.MDM.API_Automation.testcases.APITestUsermanagement.hybridTestAutomation(APITestUsermanagement.java:30)
... Removed 24 stack frames]]>
    </failure>
  </testcase> <!-- hybridTestAutomation -->
  <testcase name="hybridTestAutomation" time="3.473" classname="com.safexpress.MDM.API_Automation.testcases.APITestUsermanagement">
    <failure type="com.google.common.base.VerifyException">
      <![CDATA[com.google.common.base.VerifyException
	at com.google.common.base.Verify.verify(Verify.java:100)
	at com.safexpress.MDM.API_Automation.managerClass.APIFrameworkDriver.automateAPITestcase(APIFrameworkDriver.java:142)
	at com.safexpress.MDM.API_Automation.testcases.APITestUsermanagement.hybridTestAutomation(APITestUsermanagement.java:30)
... Removed 24 stack frames]]>
    </failure>
  </testcase> <!-- hybridTestAutomation -->
</testsuite> <!-- Test1 -->
