<?xml version="1.0" encoding="UTF-8"?>
<!-- Generated by org.testng.reporters.JUnitXMLReporter -->
<testsuite hostname="DLI10-IT-DHRM" name="Test" tests="3" failures="2" timestamp="25 Nov 2019 10:02:28 GMT" time="45.736" errors="0">
  <testcase name="hybridTestAutomation" time="18.682" classname="com.safexp.MDM.automation.testcases.Usermanagement.UsercreationTest"/>
  <testcase name="hybridTestAutomation" time="13.928" classname="com.safexp.MDM.automation.testcases.Usermanagement.UsercreationTest">
    <failure type="com.google.common.base.VerifyException">
      <![CDATA[com.google.common.base.VerifyException
	at com.google.common.base.Verify.verify(Verify.java:100)
	at com.safexp.MDM.automation.managerClasses.HybridFrameworkDriver.hybridTestAutomation(HybridFrameworkDriver.java:119)
	at com.safexp.MDM.automation.testcases.Usermanagement.UsercreationTest.hybridTestAutomation(UsercreationTest.java:29)
... Removed 23 stack frames]]>
    </failure>
  </testcase> <!-- hybridTestAutomation -->
  <testcase name="hybridTestAutomation" time="12.454" classname="com.safexp.MDM.automation.testcases.Usermanagement.UsercreationTest">
    <failure type="com.google.common.base.VerifyException">
      <![CDATA[com.google.common.base.VerifyException
	at com.google.common.base.Verify.verify(Verify.java:100)
	at com.safexp.MDM.automation.managerClasses.HybridFrameworkDriver.hybridTestAutomation(HybridFrameworkDriver.java:119)
	at com.safexp.MDM.automation.testcases.Usermanagement.UsercreationTest.hybridTestAutomation(UsercreationTest.java:29)
... Removed 23 stack frames]]>
    </failure>
  </testcase> <!-- hybridTestAutomation -->
</testsuite> <!-- Test -->
